<?xml version="1.0" encoding="UTF-8"?>
<!-- Generated by org.testng.reporters.JUnitReportReporter -->
<testsuite hostname="KMG-GGN-026" failures="0" tests="6" name="tests.commercial_Builcing_PageTest" time="38.210" errors="0" timestamp="2024-01-29T17:38:38 IST" skipped="0">
  <testcase classname="tests.commercial_Builcing_PageTest" name="exposure" time="10.377"/>
  <system-out/>
  <testcase classname="tests.commercial_Builcing_PageTest" name="commercial_Building" time="8.632"/>
  <system-out/>
  <testcase classname="tests.commercial_Builcing_PageTest" name="newApplication" time="6.079"/>
  <system-out/>
  <testcase classname="tests.commercial_Builcing_PageTest" name="create_newPolicy" time="3.647"/>
  <system-out/>
  <testcase classname="tests.commercial_Builcing_PageTest" name="login_details" time="0.469"/>
  <system-out/>
  <testcase classname="tests.commercial_Builcing_PageTest" name="dashboard" time="9.006"/>
  <system-out/>
</testsuite> <!-- tests.commercial_Builcing_PageTest -->
