<?xml version="1.0" encoding="UTF-8"?>
<!-- Generated by org.testng.reporters.JUnitReportReporter -->
<testsuite hostname="KMG-GGN-026" failures="0" tests="4" name="tests.Create_NewApplicationTest" time="30.598" errors="0" timestamp="2024-01-16T00:23:41 IST" skipped="0">
  <testcase classname="tests.Create_NewApplicationTest" name="login_details" time="4.939"/>
  <system-out/>
  <testcase classname="tests.Create_NewApplicationTest" name="create_newPolicy" time="7.336"/>
  <system-out/>
  <testcase classname="tests.Create_NewApplicationTest" name="dashboard" time="11.297"/>
  <system-out/>
  <testcase classname="tests.Create_NewApplicationTest" name="newApplication" time="7.026"/>
  <system-out/>
</testsuite> <!-- tests.Create_NewApplicationTest -->
