<?xml version="1.0" encoding="UTF-8"?>
<!-- Generated by org.testng.reporters.JUnitReportReporter -->
<testsuite hostname="KMG-GGN-026" failures="0" tests="3" name="tests.Create_NewPolicyHolderTest" time="15.161" errors="0" timestamp="2024-01-17T12:07:33 IST" skipped="0">
  <testcase classname="tests.Create_NewPolicyHolderTest" name="create_newPolicy" time="5.139"/>
  <system-out/>
  <testcase classname="tests.Create_NewPolicyHolderTest" name="login_details" time="0.662"/>
  <system-out/>
  <testcase classname="tests.Create_NewPolicyHolderTest" name="dashboard" time="9.360"/>
  <system-out/>
</testsuite> <!-- tests.Create_NewPolicyHolderTest -->
