<?xml version="1.0" encoding="UTF-8"?>
<!-- Generated by org.testng.reporters.JUnitReportReporter -->
<testsuite hostname="KMG-GGN-026" failures="0" tests="5" name="tests.exposures_PageTest" time="37.745" errors="0" timestamp="2024-01-16T11:20:13 IST" skipped="0">
  <testcase classname="tests.exposures_PageTest" name="dashboard" time="12.227"/>
  <system-out/>
  <testcase classname="tests.exposures_PageTest" name="newApplication" time="6.047"/>
  <system-out/>
  <testcase classname="tests.exposures_PageTest" name="exposure" time="11.650"/>
  <system-out/>
  <testcase classname="tests.exposures_PageTest" name="login_details" time="0.688"/>
  <system-out/>
  <testcase classname="tests.exposures_PageTest" name="create_newPolicy" time="7.133"/>
  <system-out/>
</testsuite> <!-- tests.exposures_PageTest -->
